<?xml version="1.0" encoding="utf-8"?><model><node name="PerformanceTest" testCount="(1 test)" status="[0:43.951] Success"><node name="PerformanceTest" testCount="(1 test)" status="[0:43.951] Success"><node name="AstroPerformance" testCount="(1 test)" status="[0:43.951] Success"><node name="AstroPerformanceTest" status="[0:43.951] Success" /></node></node></node><node name="AmazonTest" testCount="(1 test)" status="[0:47.497] Success"><node name="AmazonTest" testCount="(1 test)" status="[0:47.497] Success"><node name="UnitTest1" testCount="(1 test)" status="[0:47.497] Success"><node name="TestMethod1" status="[0:47.497] Success" /></node></node></node></model>